<?xml version="1.0" encoding="UTF-8"?>
<testsuite xmlns:xsi="http://www.w3.org/2001/XMLSchema-instance" xsi:noNamespaceSchemaLocation="https://maven.apache.org/surefire/maven-surefire-plugin/xsd/surefire-test-report-3.0.xsd" version="3.0" name="com.example.product_service.ProductControllerMvcTest" time="4.683" tests="5" errors="0" skipped="0" failures="0">
  <properties>
[...]
</properties>
  <testcase name="testGetAllProducts_WhenProductsExist" classname="com.example.product_service.ProductControllerMvcTest" time="0.256">
    <system-out><![CDATA[20:13:00.534 [main] INFO org.springframework.test.context.support.AnnotationConfigContextLoaderUtils -- Could not detect default configuration classes for test class [com.example.product_service.ProductControllerMvcTest]: ProductControllerMvcTest does not declare any static, non-private, non-final, nested classes annotated with @Configuration.
20:13:00.737 [main] INFO org.springframework.boot.test.context.SpringBootTestContextBootstrapper -- Found @SpringBootConfiguration com.example.product_service.ProductCrudApplication for test class com.example.product_service.ProductControllerMvcTest

  .   ____          _            __ _ _
 /\\ / ___'_ __ _ _(_)_ __  __ _ \ \ \ \
( ( )\___ | '_ | '_| | '_ \/ _` | \ \ \ \
 \\/  ___)| |_)| | | | | || (_| |  ) ) ) )
  '  |____| .__|_| |_|_| |_\__, | / / / /
 =========|_|==============|___/=/_/_/_/
 :: Spring Boot ::                (v3.2.3)

2025-04-19T20:13:01.268+01:00  INFO 196418 --- [           main] c.e.p.ProductControllerMvcTest           : Starting ProductControllerMvcTest using Java 21.0.6 with PID 196418 (started by michaelroddy in /home/michaelroddy/repos/product-service)
2025-04-19T20:13:01.270+01:00  INFO 196418 --- [           main] c.e.p.ProductControllerMvcTest           : No active profile set, falling back to 1 default profile: "default"
2025-04-19T20:13:03.934+01:00  INFO 196418 --- [           main] o.s.b.a.w.s.WelcomePageHandlerMapping    : Adding welcome page: class path resource [static/index.html]
2025-04-19T20:13:04.452+01:00  INFO 196418 --- [           main] o.s.b.t.m.w.SpringBootMockServletContext : Initializing Spring TestDispatcherServlet ''
2025-04-19T20:13:04.452+01:00  INFO 196418 --- [           main] o.s.t.web.servlet.TestDispatcherServlet  : Initializing Servlet ''
2025-04-19T20:13:04.456+01:00  INFO 196418 --- [           main] o.s.t.web.servlet.TestDispatcherServlet  : Completed initialization in 1 ms
2025-04-19T20:13:04.488+01:00  INFO 196418 --- [           main] c.e.p.ProductControllerMvcTest           : Started ProductControllerMvcTest in 3.661 seconds (process running for 5.156)
]]></system-out>
    <system-err><![CDATA[WARNING: A Java agent has been loaded dynamically (/home/michaelroddy/.m2/repository/net/bytebuddy/byte-buddy-agent/1.14.12/byte-buddy-agent-1.14.12.jar)
WARNING: If a serviceability tool is in use, please run with -XX:+EnableDynamicAgentLoading to hide this warning
WARNING: If a serviceability tool is not in use, please run with -Djdk.instrument.traceUsage for more information
WARNING: Dynamic loading of agents will be disallowed by default in a future release
]]></system-err>
  </testcase>
  <testcase name="testGetAllProducts_WhenNoProducts" classname="com.example.product_service.ProductControllerMvcTest" time="0.01"/>
  <testcase name="testCreateProduct" classname="com.example.product_service.ProductControllerMvcTest" time="0.058"/>
  <testcase name="testUpdateProduct" classname="com.example.product_service.ProductControllerMvcTest" time="0.013"/>
  <testcase name="testDeleteProduct" classname="com.example.product_service.ProductControllerMvcTest" time="0.008"/>
</testsuite>